7
[m8-17-15:14013] mca: base: component_find: unable to open /apps/petsc/3.6.3/lib/openmpi/mca_mtl_psm: libpsm_infinipath.so.1: cannot open shared object file: No such file or directory (ignored)
/zhome/ingerbry/GradPrograms/RotorSE_FAST/RotorSE/src/rotorse/rotor.py:655: RuntimeWarning: invalid value encountered in power
  NfU = (emax/(eta*strainU))**m
COE 0.0755705348602
COE 0.0755705348602
COE 0.0755704933006
COE 0.0697670494916
COE 0.0692155856181
COE 0.0691330912346
COE 0.0688772396126
COE 0.0689000732125
COE 0.0688804753787
COE 0.0688777610801
COE 0.0688772567532
COE 0.0688772397257
COE 0.0688772396127
COE 0.0688772396148
COE 0.068877239613
COE 0.0688772396128
COE 0.0688772396128
COE 0.0688992275546
COE 0.0688810208026
COE 0.0688986871236
COE 0.0688835077039
COE 0.0688814833506
COE 0.068881038862
COE 0.0688810209454
COE 0.0688810208028
COE 0.0688810208057
COE 0.0688810208032
COE 0.0688810208037
COE 0.0688810208034
COE 0.0689066714084
COE 0.0689072788903
COE 0.0689041448981
COE 0.0689033265393
COE 0.0689031174138
COE 0.0689018967094
COE 0.0689013537368
COE 0.0689010986471
COE 0.068900964513
COE 0.0689007441807
COE 0.068900204957
COE 0.0688988943025
COE 0.0688957725468
COE 0.0688894462094
COE 0.0688816088216
COE 0.0688719756622
COE 0.0688641846943
COE 0.0688641527834
COE 0.0688641543594
COE 0.0688641528781
COE 0.0688641527955
COE 0.0688641527838
COE 0.0688641527834
COE 0.0688641527834
COE 0.0688641527834
COE 0.0688641527834
COE 0.0688641527834
COE 0.0688641527834
COE 0.0688641527834
COE 0.0688641527834
COE 0.0688641527834
COE 0.0688641527834
COE 0.0688641577755
COE 0.0688641531102
COE 0.068864152817
COE 0.0688641527841
COE 0.0688641527834
COE 0.0688641527834
COE 0.0688641527834
COE 0.0688641527834
COE 0.0688641527834
COE 0.0688641527834
COE 0.0688644019865
COE 0.0688641548969
COE 0.0688641529589
COE 0.0688641527877
COE 0.0688641527834
COE 0.0688641527834
COE 0.0688641527834
COE 0.0688641527834
COE 0.0688641527834
COE 0.0688641527834
COE 0.0688641483539
COE 0.0688641374109
COE 0.068864137653
COE 0.0688641374132
COE 0.0688641375285
COE 0.0688641374204
COE 0.0688641374141
COE 0.0688641374132
COE 0.0688641374132
COE 0.0688641374132
COE 0.0688641374132
COE 0.0688641374132
COE 0.0688641374132
COE 0.0688641374132
COE 0.0688641373457
COE 0.0688641373432
COE 0.0688641373087
COE 0.0688641373079
COE 0.068864137308
COE 0.0688641373079
COE 0.0688641373079
COE 0.0688641373079
COE 0.0688641373087
COE 0.0688641373079
COE 0.0688641373079
COE 0.0688641373079
COE 0.0688641373079
COE 0.0688641373079
COE 0.0688641373079
COE 0.0688641373079
COE 0.0688641373079
COE 0.0688641373079
COE 0.0688641373092
COE 0.0688641373079
COE 0.068864137308
COE 0.068864137308
COE 0.068864137308
COE 0.068864137308
COE 0.068864137308
COE 0.068864137308
COE 0.068864137308
COE 0.068864137308
COE 0.0688641373224
COE 0.0688641373081
COE 0.068864137308
COE 0.068864137308
COE 0.068864137308
COE 0.068864137308
COE 0.068864137308
COE 0.068864137308
COE 0.068864137308
COE 0.068864137308
COE 0.0688641373344
COE 0.0688641373083
COE 0.068864137308
COE 0.068864137308
COE 0.068864137308
COE 0.068864137308
COE 0.068864137308
COE 0.068864137308
COE 0.068864137308
COE 0.068864137308
COE 0.0688641373344
COE 0.0688641373083
COE 0.068864137308
COE 0.068864137308
COE 0.068864137308
COE 0.068864137308
COE 0.068864137308
COE 0.068864137308
COE 0.068864137308
COE 0.068864137308
COE 0.0688641373233
COE 0.0688641373081
COE 0.068864137308
COE 0.068864137308
COE 0.068864137308
COE 0.068864137308
COE 0.068864137308
COE 0.068864137308
COE 0.068864137308
COE 0.068864137308
COE 0.0688641373086
COE 0.068864137308
COE 0.068864137308
COE 0.068864137308
COE 0.068864137308
COE 0.068864137308
COE 0.068864137308
COE 0.068864137308
COE 0.068864137308
COE 0.068864137308
COE 0.0688641373133
COE 0.0688641373081
COE 0.068864137308
COE 0.068864137308
COE 0.068864137308
COE 0.068864137308
COE 0.068864137308
COE 0.068864137308
COE 0.068864137308
COE 0.068864137308
COE 0.06886413731
COE 0.068864137308
COE 0.068864137308
COE 0.068864137308
COE 0.068864137308
COE 0.068864137308
COE 0.068864137308
COE 0.068864137308
COE 0.068864137308
COE 0.068864137308
COE 0.0688641380433
COE 0.0688641373096
COE 0.068864137308
COE 0.068864137308
COE 0.068864137308
COE 0.068864137308
COE 0.068864137308
COE 0.068864137308
COE 0.068864137308
COE 0.068864137308
COE 0.068864137308
COE 0.0688641380435
COE 0.0688641373115
COE 0.068864137308
COE 0.068864137308
COE 0.068864137308
COE 0.068864137308
COE 0.068864137308
COE 0.068864137308
COE 0.068864137308
COE 0.068864137308
COE 0.068864137308
COE 0.0688641373082
COE 0.068864137308
COE 0.068864139253
COE 0.0688641373103
COE 0.068864137308
COE 0.068864137308
COE 0.068864137308
COE 0.068864137308
COE 0.068864137308
COE 0.068864137308
COE 0.068864137308
COE 0.068864137308
COE 0.0688641373088
COE 0.068864137308
COE 0.068864137308
COE 0.068864137308
COE 0.068864137308
COE 0.068864137308
COE 0.068864137308
COE 0.068864137308
COE 0.068864137308
COE 0.068864137308
COE 0.0688641373119
COE 0.068864137308
COE 0.068864137308
COE 0.068864137308
COE 0.068864137308
COE 0.068864137308
COE 0.068864137308
COE 0.068864137308
COE 0.068864137308
COE 0.068864137308
COE 0.068864137308
COE 0.068864137308
COE 0.068864137308
COE 0.0688861218166
COE 0.0688605059025
COE 0.068859984349
COE 0.0688594989655
COE 0.0688593953837
COE 0.068859342184
COE 0.0688593399345
COE 0.0688593398983
COE 0.0688593401735
COE 0.0688593399134
COE 0.0688593398992
COE 0.0688593398983
COE 0.0688593398983
COE 0.0688593398983
COE 0.0688593398983
COE 0.0688593398983
COE 0.0688593398983
COE 0.0688593398983
COE 0.0688752251446
COE 0.068859340793
COE 0.0688593399399
COE 0.0688593398988
COE 0.0688593398983
COE 0.0688593398983
COE 0.0688593398983
COE 0.0688593398983
COE 0.0688593398983
COE 0.0688593398983
COE 0.0688593835321
COE 0.068859340284
COE 0.0688593399187
COE 0.0688593398986
COE 0.0688593398983
COE 0.0688593398983
COE 0.0688593398983
COE 0.0688593398983
COE 0.0688593398983
COE 0.0688593398983
COE 0.0688593400218
COE 0.0688593398284
COE 0.068859339814
COE 0.0688593398148
COE 0.0688593398135
COE 0.0688593398152
COE 0.0688593398135
COE 0.0688593398158
COE 0.0688593398137
COE 0.0688593398136
COE 0.0688593398136
COE 0.0688593398136
COE 0.0688593398136
COE 0.0688593398136
COE 0.0688593398137
COE 0.0688593398164
COE 0.0688593398138
COE 0.0688593398137
COE 0.0688593398137
COE 0.0688593398137
COE 0.0688593398137
COE 0.0688593398137
COE 0.0688593398137
COE 0.0688593398137
COE 0.0688593398137
COE 0.0688593398171
COE 0.0688593398139
COE 0.0688593398137
COE 0.0688593398138
COE 0.0688593398137
COE 0.0688593398137
COE 0.0688593398137
COE 0.0688593398138
COE 0.0688593398138
COE 0.0688593398138
COE 0.0688593398185
COE 0.068859339814
COE 0.0688593398138
COE 0.0688593398138
COE 0.0688593398138
COE 0.0688593398138
COE 0.0688593398138
COE 0.0688593398138
COE 0.0688593398138
COE 0.0688593398138
COE 0.068859339844
COE 0.0688593398143
COE 0.0688593398138
COE 0.0688593398138
COE 0.0688593398138
COE 0.0688593398138
COE 0.0688593398138
COE 0.0688593398138
COE 0.0688593398138
COE 0.0688593398138
COE 0.0688593398165
COE 0.068859339814
COE 0.0688593398138
COE 0.0688593398138
COE 0.0688593398138
COE 0.0688593398138
COE 0.0688593398138
COE 0.0688593398138
COE 0.0688593398138
COE 0.0688593398138
COE 0.0688593398168
COE 0.068859339814
COE 0.0688593398139
COE 0.0688593398139
COE 0.0688593398139
COE 0.0688593398139
COE 0.0688593398139
COE 0.0688593398139
COE 0.0688593398139
COE 0.0688593398139
COE 0.0688593398172
COE 0.0688593398141
COE 0.0688593398139
COE 0.0688593398139
COE 0.0688593398139
COE 0.0688593398139
COE 0.0688593398139
COE 0.0688593398139
COE 0.0688593398139
COE 0.0688593398139
COE 0.0688593398177
COE 0.0688593398142
COE 0.068859339814
COE 0.068859339814
COE 0.068859339814
COE 0.068859339814
COE 0.068859339814
COE 0.068859339814
COE 0.068859339814
COE 0.068859339814
COE 0.0688593398183
COE 0.0688593398142
COE 0.068859339814
COE 0.068859339814
COE 0.068859339814
COE 0.068859339814
COE 0.068859339814
COE 0.068859339814
COE 0.068859339814
COE 0.068859339814
COE 0.0688593398181
COE 0.0688593398143
COE 0.068859339814
COE 0.0688593398141
COE 0.0688593398141
COE 0.0688593398141
COE 0.0688593398141
COE 0.0688593398141
COE 0.0688593398141
COE 0.0688593398141
COE 0.0688593398193
COE 0.0688593398144
COE 0.0688593398141
COE 0.0688593398141
COE 0.0688593398141
COE 0.0688593398141
COE 0.0688593398141
COE 0.0688593398141
COE 0.0688593398141
COE 0.0688593398141
COE 0.0688593398192
COE 0.0688593398144
COE 0.0688593398141
COE 0.0688593398142
COE 0.0688593398142
COE 0.0688593398142
COE 0.0688593398142
COE 0.0688593398142
COE 0.0688593398142
COE 0.0688593398142
COE 0.0688593398201
COE 0.0688593398145
COE 0.0688593398142
COE 0.0688593398142
COE 0.0688593398142
COE 0.0688593398142
COE 0.0688593398142
COE 0.0688593398142
COE 0.0688593398142
COE 0.0688593398142
COE 0.0688593398196
COE 0.0688593398145
COE 0.0688593398142
COE 0.0688593398143
COE 0.0688593398143
COE 0.0688593398143
COE 0.0688593398143
COE 0.0688593398143
COE 0.0688593398143
COE 0.0688593398143
COE 0.0688593398216
COE 0.0688593398146
COE 0.0688593398143
COE 0.0688593398143
COE 0.0688593398143
COE 0.0688593398143
COE 0.0688593398143
COE 0.0688593398143
COE 0.0688593398143
COE 0.0688593398143
COE 0.0688593398215
COE 0.0688593398147
COE 0.0688593398143
COE 0.0688593398144
COE 0.0688593398144
COE 0.0688593398144
COE 0.0688593398144
COE 0.0688593398144
COE 0.0688593398144
COE 0.0688593398144
COE 0.0688593398228
COE 0.0688593398148
COE 0.0688593398144
COE 0.0688593398144
COE 0.0688593398144
COE 0.0688593398144
COE 0.0688593398144
COE 0.0688593398144
COE 0.0688593398144
COE 0.0688593398144
COE 0.0688593398144
COE 0.0688593398144
COE 0.0688593398144
COE 0.0688593398144
COE 0.0688593418031
COE 0.0688593398768
COE 0.0688593398169
COE 0.0688593398144
COE 0.0688593398145
COE 0.0688593398144
COE 0.0688593398144
COE 0.0688593398144
COE 0.0688593398144
COE 0.0688593398144
COE 0.0688593398218
COE 0.0688593398147
COE 0.0688593398144
COE 0.0688593398144
COE 0.0688593398144
COE 0.0688593398144
COE 0.0688593398144
COE 0.0688593398144
COE 0.0688593398144
COE 0.0688593398144
COE 0.0688593398144
COE 0.0688593398186
COE 0.0688593398146
COE 0.0688593398144
COE 0.0688593398144
COE 0.0688593398144
COE 0.0688593398144
COE 0.0688593398144
COE 0.0688593398144
COE 0.0688593398144
COE 0.0688593398144
COE 0.0688593398144
COE 0.0688593398144
COE 0.0688593398144
COE 0.0688593398144
     Name        Type                         Bound
     

Optimization using pyOpt_sparse
================================================================================

        Objective Function: _objfunc

    Solution: 
--------------------------------------------------------------------------------
    Total Time:                20460.8437
       User Objective Time :     448.3370
       User Sensitivity Time : 20010.9334
       Interface Time :            1.5363
       Opt Solver Time:            0.0370
    Calls to Objective Function :     511
    Calls to Sens Function :          509

    Objectives:
        Name        Value        Optimum
	    obj        6.88593             0

   Variables (c - continuous, i - integer, d - discrete):
           Name      Type       Value       Lower Bound  Upper Bound
	 r_max_chord_0    c	      0.500000       1.00e-01     5.00e-01 
	 chord_sub_0    c	      2.695604       1.30e+00     5.30e+00 
	 chord_sub_1    c	      5.300000       1.30e+00     5.30e+00 
	 chord_sub_2    c	      3.578888       1.30e+00     5.30e+00 
	 chord_sub_3    c	      1.300000       1.30e+00     5.30e+00 
	 theta_sub_0    c	     15.594350      -1.00e+01     3.00e+01 
	 theta_sub_1    c	      6.702166      -1.00e+01     3.00e+01 
	 theta_sub_2    c	      2.246276      -1.00e+01     3.00e+01 
	 theta_sub_3    c	     -1.604337      -1.00e+01     3.00e+01 

   Constraints (i - inequality, e - equality):
        Name    Type                    Bounds
	 con_strain_spar	  i       -1.00e+00 <= -0.535932 <= 1.00e+00
	 con_strain_spar	  i       -1.00e+00 <= -0.522354 <= 1.00e+00
	 con_strain_spar	  i       -1.00e+00 <= -0.536741 <= 1.00e+00
	 con_strain_spar	  i       -1.00e+00 <= -0.342001 <= 1.00e+00
	 con_strain_spar	  i       -1.00e+00 <= -0.212012 <= 1.00e+00
	 con_strain_spar	  i       -1.00e+00 <= -0.139541 <= 1.00e+00
	 con_strain_spar	  i       -1.00e+00 <= -0.067779 <= 1.00e+00
	 con_strainU_te	  i       -1.00e+00 <= -0.940654 <= 1.00e+00
	 con_strainU_te	  i       -1.00e+00 <= -0.954210 <= 1.00e+00
	 con_strainU_te	  i       -1.00e+00 <= -0.769429 <= 1.00e+00
	 con_strainU_te	  i       -1.00e+00 <= -0.557005 <= 1.00e+00
	 con_strainU_te	  i       -1.00e+00 <= -0.303823 <= 1.00e+00
	 con_strainU_te	  i       -1.00e+00 <= -0.170433 <= 1.00e+00
	 con_strainU_te	  i       -1.00e+00 <= -0.126867 <= 1.00e+00
	 con_strainU_te	  i       -1.00e+00 <= -0.029966 <= 1.00e+00
	 con_strainL_te	  i       -1.00e+20 <= 0.985390 <= 1.00e+00
	 con_strainL_te	  i       -1.00e+20 <= 1.000000 <= 1.00e+00
	 con_strainL_te	  i       -1.00e+20 <= 0.799338 <= 1.00e+00
	 con_strainL_te	  i       -1.00e+20 <= 0.548324 <= 1.00e+00
	 con_strainL_te	  i       -1.00e+20 <= 0.340247 <= 1.00e+00
	 con_strainL_te	  i       -1.00e+20 <= 0.239251 <= 1.00e+00
	 con_strainL_te	  i       -1.00e+20 <= 0.175206 <= 1.00e+00
	 con_strainL_te	  i       -1.00e+20 <= 0.086314 <= 1.00e+00
	 con_eps_spar	  i       -1.00e+20 <= -0.763563 <= 0.00e+00
	 con_eps_spar	  i       -1.00e+20 <= -0.247736 <= 0.00e+00
	 con_eps_spar	  i       -1.00e+20 <= -0.086264 <= 0.00e+00
	 con_eps_spar	  i       -1.00e+20 <= -0.018588 <= 0.00e+00
	 con_eps_spar	  i       -1.00e+20 <= -0.022602 <= 0.00e+00
	 con_eps_spar	  i       -1.00e+20 <= -0.016249 <= 0.00e+00
	 con_eps_spar	  i       -1.00e+20 <= 0.000000 <= 0.00e+00
	 con_eps_spar	  i       -1.00e+20 <= -0.014614 <= 0.00e+00
	 con_eps_te	  i       -1.00e+20 <= -5.399094 <= 0.00e+00
	 con_eps_te	  i       -1.00e+20 <= -7.223372 <= 0.00e+00
	 con_eps_te	  i       -1.00e+20 <= -3.143460 <= 0.00e+00
	 con_eps_te	  i       -1.00e+20 <= -2.420734 <= 0.00e+00
	 con_eps_te	  i       -1.00e+20 <= -1.340917 <= 0.00e+00
	 con_eps_te	  i       -1.00e+20 <= -0.706513 <= 0.00e+00
	 con_eps_te	  i       -1.00e+20 <= -0.148990 <= 0.00e+00
	  con_freq	  i        0.00e+00 <= 0.808233 <= 1.00e+20
	  con_freq	  i        0.00e+00 <= 0.882750 <= 1.00e+20
	    obj   	  i        5.00e+00 <= 6.885934 <= 1.00e+20
	 con_power	  i        0.00e+00 <= 2.014227 <= 1.00e+20
	 con_thrust	  i       -1.00e+20 <= 0.572605 <= 7.30e-01

--------------------------------------------------------------------------------

COE 0.0688593398144
================== RotorSE Outputs ==================
COE = 6.88593398144 cents/kWh
AEP = 20576287.5325
diameter = 113.359504082
ratedConditions.V = 14.2381425529
ratedConditions.Omega = 12.0
ratedConditions.pitch = 0.0
ratedConditions.T = 572604.877286
ratedConditions.Q = 3978873.5773
mass_one_blade = 18482.3491242
mass_all_blades = 36964.6982483
I_all_blades = [ 24082263.74629974  11580543.88695675   9517854.61342595         0.
         0.                 0.        ]
freq = [ 1.24393292  1.30160529  4.36289632  6.289462    6.71600749]
tip_deflection = 2.51519419105
root_bending_moment = 12866699.6854
totalCone = 0.0436332312999

================== Optimization Design Variables ==================
r_max_chord = 0.5
chord_sub = [ 2.69560418  5.3         3.57888809  1.3       ]
theta_sub = [ 15.5943496    6.70216622   2.2462755   -1.60433663]
control:tsr = 7.55
sparT = [ 0.05       0.047754   0.045376   0.031085   0.0061398]
teT = [ 0.1      0.09569  0.06569  0.02569  0.00569]
precomp [  1.38375      1.65650952   1.74515389   1.83379826   1.9279829
   2.01662727   2.10527164   2.61377977   2.73686277   2.82550714
   5.07375018   6.3380403    7.53372005  10.66448546  12.45375     13.2464294
  14.29874982  16.69835102  17.98875     19.85076642  21.67875018
  23.54612858  25.36874982  29.05875     30.21107713  32.74875018
  34.71531917  36.43874982  36.62707862  36.71683108  36.80775     38.42276796
  40.12875     47.50874982  50.58377995  53.04374982  55.50372023  56.73375   ]
