19
[m8-17-2:130035] mca: base: component_find: unable to open /apps/petsc/3.6.3/lib/openmpi/mca_mtl_psm: libpsm_infinipath.so.1: cannot open shared object file: No such file or directory (ignored)
/zhome/ingerbry/GradPrograms/RotorSE_FAST/RotorSE/src/rotorse/rotor.py:655: RuntimeWarning: invalid value encountered in power
  NfU = (emax/(eta*strainU))**m
COE 0.0674459420015
COE 0.0674459420015
COE 0.0674459371065
COE 0.0678466143014
COE 0.0673124875752
COE 0.0675503620032
COE 0.067235493666
COE 0.0670228685836
COE 0.0668484262606
COE 0.066798741433
COE 0.0667746295588
COE 0.066791478324
COE 0.066775247736
COE 0.0667746719303
COE 0.0667746301646
COE 0.0667746295605
COE 0.0667746295588
COE 0.0667746295588
COE 0.0667746295588
COE 0.0667746295588
COE 0.0667746295588
COE 0.0667737308921
COE 0.0667712536009
COE 0.0667667596031
COE 0.0667597990136
COE 0.0667543958835
COE 0.0667541977784
COE 0.0667588819484
COE 0.0667542440605
COE 0.0667541982649
COE 0.0667541977794
COE 0.0667541977784
COE 0.0667541977784
COE 0.0667541977784
COE 0.0667541977784
COE 0.0667545633106
COE 0.0667541800774
COE 0.0667541899621
COE 0.0667541754293
COE 0.0667541703919
COE 0.0667541515992
COE 0.0667541066187
COE 0.0667540996117
COE 0.0667540936748
COE 0.0667540825592
COE 0.0667540631354
COE 0.0667540428201
COE 0.0667540347998
COE 0.0667540377588
COE 0.0667540348338
COE 0.0667540348002
COE 0.0667540347998
COE 0.0667540347998
COE 0.0667540347998
COE 0.0667540347998
COE 0.0667540347998
COE 0.0667540347998
COE 0.0667601961966
COE 0.0667540360101
COE 0.0667540348191
COE 0.0667540347999
COE 0.0667540347998
COE 0.0667540347998
COE 0.0667540347998
COE 0.0667541243562
COE 0.0667540363612
COE 0.066754034827
COE 0.0667540347999
COE 0.0667540347998
COE 0.0667540347998
COE 0.0667540347998
COE 0.0667540347992
COE 0.0667541239858
COE 0.0667694908336
COE 0.0667542441136
COE 0.0667540377251
COE 0.0667540348074
COE 0.0667540347992
COE 0.0667540347993
COE 0.0667540347992
COE 0.0667540347992
COE 0.0667540347992
COE 0.0667540347992
COE 0.0667547170239
COE 0.0667540377555
COE 0.0667540348121
COE 0.0667540347992
COE 0.0667540347992
COE 0.0667540347992
COE 0.0667540606478
COE 0.066754035242
COE 0.0667540348068
COE 0.0667540347993
COE 0.0667540347992
COE 0.0667540347992
COE 0.0667540347983
COE 0.0667540606587
COE 0.0667697181177
COE 0.0667542465093
COE 0.0667540377975
COE 0.0667540348068
COE 0.0667540347984
COE 0.0667540347985
COE 0.0667540347984
COE 0.0667540347984
COE 0.0667540347984
COE 0.0667540347984
COE 0.0667555318813
COE 0.0667540434732
COE 0.0667540348492
COE 0.0667540347984
COE 0.0667540347984
COE 0.0667540347984
     Name        Type                         Bound
     

Optimization using pyOpt_sparse
================================================================================

        Objective Function: _objfunc

    Solution: 
--------------------------------------------------------------------------------
    Total Time:                 4602.5099
       User Objective Time :     106.0220
       User Sensitivity Time :  4496.1379
       Interface Time :            0.3379
       Opt Solver Time:            0.0121
    Calls to Objective Function :     112
    Calls to Sens Function :          110

    Objectives:
        Name        Value        Optimum
	    obj         6.6754             0

   Variables (c - continuous, i - integer, d - discrete):
           Name      Type       Value       Lower Bound  Upper Bound
	 r_max_chord_0    c	      0.319777       1.00e-01     5.00e-01 
	 chord_sub_0    c	      2.520509       1.30e+00     5.30e+00 
	 chord_sub_1    c	      4.583255       1.30e+00     5.30e+00 
	 chord_sub_2    c	      3.529751       1.30e+00     5.30e+00 
	 chord_sub_3    c	      1.622522       1.30e+00     5.30e+00 
	 theta_sub_0    c	     13.168194      -1.00e+01     3.00e+01 
	 theta_sub_1    c	      6.711848      -1.00e+01     3.00e+01 
	 theta_sub_2    c	      3.886575      -1.00e+01     3.00e+01 
	 theta_sub_3    c	      0.427167      -1.00e+01     3.00e+01 

   Constraints (i - inequality, e - equality):
        Name    Type                    Bounds
	 con_strain_spar	  i       -1.00e+00 <= -0.544747 <= 1.00e+00
	 con_strain_spar	  i       -1.00e+00 <= -0.516388 <= 1.00e+00
	 con_strain_spar	  i       -1.00e+00 <= -0.554217 <= 1.00e+00
	 con_strain_spar	  i       -1.00e+00 <= -0.398934 <= 1.00e+00
	 con_strain_spar	  i       -1.00e+00 <= -0.303070 <= 1.00e+00
	 con_strain_spar	  i       -1.00e+00 <= -0.209303 <= 1.00e+00
	 con_strain_spar	  i       -1.00e+00 <= -0.077018 <= 1.00e+00
	 con_strainU_te	  i       -1.00e+00 <= -0.956378 <= 1.00e+00
	 con_strainU_te	  i       -1.00e+00 <= -0.956009 <= 1.00e+00
	 con_strainU_te	  i       -1.00e+00 <= -0.761635 <= 1.00e+00
	 con_strainU_te	  i       -1.00e+00 <= -0.578207 <= 1.00e+00
	 con_strainU_te	  i       -1.00e+00 <= -0.360544 <= 1.00e+00
	 con_strainU_te	  i       -1.00e+00 <= -0.250721 <= 1.00e+00
	 con_strainU_te	  i       -1.00e+00 <= -0.189305 <= 1.00e+00
	 con_strainU_te	  i       -1.00e+00 <= -0.034698 <= 1.00e+00
	 con_strainL_te	  i       -1.00e+20 <= 1.000000 <= 1.00e+00
	 con_strainL_te	  i       -1.00e+20 <= 1.000000 <= 1.00e+00
	 con_strainL_te	  i       -1.00e+20 <= 0.788048 <= 1.00e+00
	 con_strainL_te	  i       -1.00e+20 <= 0.562327 <= 1.00e+00
	 con_strainL_te	  i       -1.00e+20 <= 0.390293 <= 1.00e+00
	 con_strainL_te	  i       -1.00e+20 <= 0.335749 <= 1.00e+00
	 con_strainL_te	  i       -1.00e+20 <= 0.264338 <= 1.00e+00
	 con_strainL_te	  i       -1.00e+20 <= 0.097442 <= 1.00e+00
	 con_eps_spar	  i       -1.00e+20 <= -0.886741 <= 0.00e+00
	 con_eps_spar	  i       -1.00e+20 <= -0.319938 <= 0.00e+00
	 con_eps_spar	  i       -1.00e+20 <= -0.144138 <= 0.00e+00
	 con_eps_spar	  i       -1.00e+20 <= -0.045655 <= 0.00e+00
	 con_eps_spar	  i       -1.00e+20 <= -0.044589 <= 0.00e+00
	 con_eps_spar	  i       -1.00e+20 <= -0.026560 <= 0.00e+00
	 con_eps_spar	  i       -1.00e+20 <= -0.000000 <= 0.00e+00
	 con_eps_spar	  i       -1.00e+20 <= -0.012893 <= 0.00e+00
	 con_eps_te	  i       -1.00e+20 <= -6.109804 <= 0.00e+00
	 con_eps_te	  i       -1.00e+20 <= -8.194392 <= 0.00e+00
	 con_eps_te	  i       -1.00e+20 <= -3.665048 <= 0.00e+00
	 con_eps_te	  i       -1.00e+20 <= -2.882335 <= 0.00e+00
	 con_eps_te	  i       -1.00e+20 <= -2.024112 <= 0.00e+00
	 con_eps_te	  i       -1.00e+20 <= -1.075336 <= 0.00e+00
	 con_eps_te	  i       -1.00e+20 <= -0.171614 <= 0.00e+00
	  con_freq	  i        0.00e+00 <= 0.457570 <= 1.00e+20
	  con_freq	  i        0.00e+00 <= 0.555481 <= 1.00e+20
	    obj   	  i        5.00e+00 <= 6.675403 <= 1.00e+20
	 con_power	  i        0.00e+00 <= 5.508882 <= 1.00e+20
	 con_thrust	  i       -1.00e+20 <= 0.655464 <= 7.30e-01

--------------------------------------------------------------------------------

COE 0.0667540347984
================== RotorSE Outputs ==================
COE = 6.67540347984 cents/kWh
AEP = 21577049.4024
diameter = 113.359504082
ratedConditions.V = 12.7596175718
ratedConditions.Omega = 12.0
ratedConditions.pitch = 0.0
ratedConditions.T = 655464.110835
ratedConditions.Q = 3978873.5773
mass_one_blade = 15407.644644
mass_all_blades = 46222.9339321
I_all_blades = [ 29394360.23660986  14134995.04594455  11617315.13839552         0.
         0.                 0.        ]
freq = [ 1.10973649  1.19304671  3.62210848  5.28778253  6.74518081]
tip_deflection = 3.3522009946
root_bending_moment = 10895586.5326
totalCone = 0.0436332312999

================== Optimization Design Variables ==================
r_max_chord = 0.319776503315
chord_sub = [ 2.52050871  4.58325476  3.52975111  1.62252209]
theta_sub = [ 13.16819432   6.71184799   3.88657527   0.42716672]
control:tsr = 7.55
sparT = [ 0.05       0.047754   0.045376   0.031085   0.0061398]
teT = [ 0.1      0.09569  0.06569  0.02569  0.00569]
precomp [  1.38375      1.65650952   1.74515389   1.83379826   1.9279829
   2.01662727   2.10527164   2.61377977   2.73686277   2.82550714
   5.07375018   6.3380403    7.53372005  10.66448546  12.45375     13.2464294
  14.29874982  16.69835102  17.98875     19.85076642  21.67875018
  23.54612858  25.36874982  29.05875     30.21107713  32.74875018
  34.71531917  36.43874982  36.62707862  36.71683108  36.80775     38.42276796
  40.12875     47.50874982  50.58377995  53.04374982  55.50372023  56.73375   ]
