
 ==============================
 S N O P T  7.2-12.3 (Aug 2014)
 ==============================
 
 SNMEMB EXIT 100 -- finished successfully
 SNMEMB INFO 104 -- memory requirements estimated

 ==============================
 S N O P T  7.2-12.3 (Aug 2014)
 ==============================
 
 

 Nonlinear constraints      43     Linear constraints       0
 Nonlinear variables         9     Linear variables         0
 Jacobian  variables         9     Objective variables      9
 Total constraints          43     Total variables          9
 

 
 The user has defined     387   out of     387   constraint gradients.
 The user has defined       9   out of       9   objective  gradients.
 

 Major Minors     Step   nCon Feasible  Optimal  MeritFunction    nS Penalty
     0      9               1 (0.0E+00) 1.1E-02  6.7445942E+00     6           r
     1      3  2.9E-01      3 (0.0E+00) 6.8E-03  6.7313644E+00     6         n r
     2      9  3.0E-01      5 (0.0E+00) 1.2E-02  6.7238412E+00     8         s
     3      2  1.0E+00      6  9.6E-03  1.2E-02  6.7087963E+00     7
     4      2  1.0E+00      7  6.0E-04  2.3E-03  6.6848973E+00     6
     5      2  1.0E+00      8  2.1E-06  1.7E-03  6.6798653E+00     7
     6      1  1.0E+00      9  4.8E-06  6.8E-04  6.6774697E+00     7
     7      3  1.7E-10     19  4.8E-06  1.3E-03  6.6774697E+00     6
     8      2  1.0E+00     20  3.0E-05  4.6E-03  6.6773728E+00     6
     9      2  1.0E+00     21 (1.0E-08) 3.4E-03  6.6771253E+00     6

 Major Minors     Step   nCon Feasible  Optimal  MeritFunction    nS Penalty
    10      2  1.0E+00     22 (7.3E-07) 2.6E-03  6.6766761E+00     6
    11      2  1.0E+00     23  1.9E-06  2.0E-03  6.6759803E+00     6
    12      2  1.0E+00     24  1.1E-06  1.8E-03  6.6754397E+00     6
    13      2  1.0E+00     25 (2.2E-10) 1.9E-03  6.6754197E+00     6
    14      2  2.6E-10     33 (2.2E-10) 7.4E-03  6.6754197E+00     6
    15      2  1.9E-01     35 (0.0E+00) 3.3E-03  6.6754180E+00     6
    16      2  2.6E-01     37 (0.0E+00) 3.5E-03  6.6754175E+00     6
    17      2  1.0E+00     38 (0.0E+00) 3.6E-03  6.6754170E+00     6
    18      2  1.0E+00     39 (8.8E-12) 3.8E-03  6.6754152E+00     6
    19      2  1.0E+00     40 (0.0E+00) 3.8E-03  6.6754107E+00     6

 Major Minors     Step   nCon Feasible  Optimal  MeritFunction    nS Penalty
    20      2  1.0E+00     41 (0.0E+00) 3.8E-03  6.6754100E+00     6
    21      2  1.0E+00     42 (5.6E-11) 3.9E-03  6.6754094E+00     6
    22      2  1.0E+00     43 (0.0E+00) 3.8E-03  6.6754083E+00     6
    23      2  1.0E+00     44 (6.0E-12) 3.8E-03  6.6754063E+00     6
    24      2  1.0E+00     45 (3.4E-11) 3.8E-03  6.6754043E+00     6
    25      2  1.0E+00     46 (4.9E-13) 3.8E-03  6.6754035E+00     6
    26      5  2.5E-07     55 (4.9E-13) 4.2E-03  6.6754035E+00     6
    26      7              62 (4.9E-13) 1.1E-03  6.6754035E+00     7           r
    27      3  2.9E-08     69 (4.9E-13) 1.1E-02  6.6754035E+00     8         s
    28      5  1.0E+00     71 (0.0E+00) 2.7E-03  6.6754035E+00     7 1.1E+07 sM
    29      2  1.2E-09     81 (0.0E+00) 6.0E-03  6.6754035E+00     6 1.1E+07
    29      4              87 (0.0E+00) 1.1E-03  6.6754035E+00     7           r

 Major Minors     Step   nCon Feasible  Optimal  MeritFunction    nS Penalty
    30      2  1.0E-07     93 (0.0E+00) 1.1E-02  6.6754035E+00     8         s
    31      5  1.0E+00     95 (0.0E+00) 2.8E-03  6.6754035E+00     7         sM
    32      3  1.0E-09    105 (0.0E+00) 2.8E-03  6.6754035E+00     6
 
 SNOPTC EXIT  40 -- terminated after numerical difficulties
 SNOPTC INFO  41 -- current point cannot be improved

 Problem name                 Optimiza
 No. of iterations                  96   Objective value      6.6754034798E+00
 No. of major iterations            32   Linear objective     0.0000000000E+00
 Penalty parameter           0.000E+00   Nonlinear objective  6.6754034798E+00
 No. of calls to funobj            111   No. of calls to funcon            111
 No. of superbasics                  6   No. of basic nonlinears             3
 No. of degenerate steps             2   Percentage                       2.08
 Max x                       6 1.3E+01   Max pi                     30 5.2E-01
 Max Primal infeas           0 0.0E+00   Max Dual infeas            26 1.7E-02
 Nonlinear constraint violn    0.0E+00
 
 

 Solution printed on file  18
 
 Time for MPS input                             0.00 seconds
 Time for solving problem                    4508.32 seconds
 Time for solution output                       0.00 seconds
 Time for constraint functions               4551.19 seconds
 Time for objective function                    0.00 seconds
