
 ==============================
 S N O P T  7.2-12.3 (Aug 2014)
 ==============================
 
 SNMEMB EXIT 100 -- finished successfully
 SNMEMB INFO 104 -- memory requirements estimated

 ==============================
 S N O P T  7.2-12.3 (Aug 2014)
 ==============================
 
 

 Nonlinear constraints      43     Linear constraints       0
 Nonlinear variables         9     Linear variables         0
 Jacobian  variables         9     Objective variables      9
 Total constraints          43     Total variables          9
 

 
 The user has defined     387   out of     387   constraint gradients.
 The user has defined       9   out of       9   objective  gradients.
 

 Major Minors     Step   nCon Feasible  Optimal  MeritFunction    nS Penalty
     0      9               1 (0.0E+00) 1.4E-02  7.5570535E+00     6           r
     1      2  1.0E+00      2  9.6E-05  8.2E-03  7.0085789E+00     5         n r
     2      1  1.0E+00      3  2.3E-05  2.0E-03  6.9249866E+00     5         s
     3      2  1.0E+00      4 (0.0E+00) 1.9E-03  6.9132748E+00     4
     4      1  1.0E+00      5  3.2E-03  6.0E-04  6.8892502E+00     4
     5      4  6.6E-09     15  3.2E-03  1.7E-02  6.8892502E+00     5
     6      1  1.9E-01     17  2.6E-03  1.7E-02  6.8892318E+00     5
     7      2  5.6E-08     27  2.6E-03  1.6E-02  6.8892318E+00     4
     8      1  1.0E+00     28  5.7E-05  1.6E-02  6.8907443E+00     4 2.3E+00
     9      1  1.0E+00     29 (2.1E-08) 1.4E-02  6.8907279E+00     4 2.3E+00

 Major Minors     Step   nCon Feasible  Optimal  MeritFunction    nS Penalty
    10      1  1.0E+00     30 (0.0E+00) 1.4E-02  6.8904077E+00     4 2.3E+00
    11      1  1.0E+00     31 (0.0E+00) 1.4E-02  6.8903296E+00     4 2.3E+00
    12      1  1.0E+00     32 (0.0E+00) 1.4E-02  6.8903117E+00     4 2.3E+00
    13      1  1.0E+00     33 (0.0E+00) 1.5E-02  6.8901895E+00     4 2.3E+00
    14      1  1.0E+00     34 (0.0E+00) 1.5E-02  6.8901353E+00     4 2.3E+00
    15      1  1.0E+00     35 (0.0E+00) 1.5E-02  6.8901095E+00     4 2.3E+00
    16      1  1.0E+00     36 (0.0E+00) 1.5E-02  6.8900963E+00     4 2.3E+00
    17      1  1.0E+00     37 (0.0E+00) 1.5E-02  6.8900742E+00     4 2.3E+00
    18      1  1.0E+00     38 (0.0E+00) 1.5E-02  6.8900199E+00     4 2.3E+00
    19      1  1.0E+00     39 (0.0E+00) 1.5E-02  6.8898874E+00     4 2.3E+00

 Major Minors     Step   nCon Feasible  Optimal  MeritFunction    nS Penalty
    20      1  1.0E+00     40 (0.0E+00) 1.5E-02  6.8895714E+00     4 2.3E+00
    21      1  1.0E+00     41 (0.0E+00) 1.5E-02  6.8889413E+00     4 2.3E+00
    22      1  1.0E+00     42 (7.2E-08) 1.4E-02  6.8882110E+00     4 2.3E+00
    23      1  1.0E+00     43 (0.0E+00) 1.5E-02  6.8871970E+00     4 2.3E+00
    24      1  1.0E+00     44 (0.0E+00) 1.5E-02  6.8864153E+00     4 2.3E+00
    25      1  1.0E+00     45 (7.9E-10) 1.5E-02  6.8864153E+00     4 2.3E+00
    26      1  7.6E-09     59 (7.9E-10) 1.5E-02  6.8864153E+00     4 2.3E+00
    27      2  1.6E-06     69 (7.9E-10) 1.5E-02  6.8864153E+00     4 2.3E+00
    28      2  2.5E-07     79 (7.9E-10) 1.5E-02  6.8864153E+00     4 2.3E+00
    29      1  1.0E+00     80 (5.3E-11) 1.5E-02  6.8864148E+00     4 2.3E+00

 Major Minors     Step   nCon Feasible  Optimal  MeritFunction    nS Penalty
    30      1  1.0E+00     81 (1.2E-09) 1.5E-02  6.8864138E+00     4 2.3E+00
    31      1  1.0E+00     82 (1.2E-12) 1.5E-02  6.8864138E+00     4 2.3E+00
    32      1  1.0E+00     83 (1.1E-10) 1.5E-02  6.8864137E+00     4 2.3E+00
    33      2  1.5E-07     93 (1.1E-10) 1.5E-02  6.8864137E+00     4 2.3E+00
    34      1  1.0E+00     94 (7.0E-12) 1.5E-02  6.8864137E+00     4 2.3E+00
    35      2  1.0E+00     95 (4.8E-14) 1.5E-02  6.8864137E+00     4 2.3E+00
    36      1  1.0E+00     96 (3.4E-12) 1.5E-02  6.8864137E+00     4 2.3E+00
    37      1  1.0E+00     97 (4.3E-17) 1.5E-02  6.8864137E+00     4 2.3E+00
    38      1  2.4E-01    101 (4.4E-17) 1.4E-02  6.8864137E+00     4 2.3E+00
    39      1  3.3E-02    111 (5.3E-17) 1.5E-02  6.8864137E+00     4 2.3E+00

 Major Minors     Step   nCon Feasible  Optimal  MeritFunction    nS Penalty
    40      1  3.7E-02    121 (4.7E-17) 1.5E-02  6.8864137E+00     4 2.3E+00
    41      1  6.6E-06    131 (4.8E-17) 1.5E-02  6.8864137E+00     4 2.3E+00
    42      1  4.0E-05    141 (5.1E-17) 1.5E-02  6.8864137E+00     4 2.3E+00 n
    43      1  1.1E-04    151 (4.9E-17) 1.5E-02  6.8864137E+00     4 2.3E+00
    44      1  2.9E-05    161 (5.4E-17) 1.5E-02  6.8864137E+00     4 2.3E+00
    45      1  3.3E-02    171 (7.0E-17) 1.5E-02  6.8864137E+00     4 2.3E+00
    46      1  1.9E-04    181 (6.9E-17) 1.5E-02  6.8864137E+00     4 2.3E+00
    47      2  7.4E-04    191 (7.7E-17) 1.4E-02  6.8864137E+00     4 2.3E+00  m
    48      2  2.0E-07    201 (7.4E-17) 1.5E-02  6.8864137E+00     4 2.3E+00
    49      1  1.0E+00    203 (2.1E-15) 1.5E-02  6.8864137E+00     4 2.3E+00  M

 Major Minors     Step   nCon Feasible  Optimal  MeritFunction    nS Penalty
    50      1  4.6E-04    213 (2.1E-15) 1.5E-02  6.8864137E+00     4 2.3E+00
    51      2  2.5E-02    215 (2.1E-15) 1.4E-02  6.8864137E+00     4 2.3E+00
    52      2  3.1E-06    225 (2.1E-15) 1.5E-02  6.8864137E+00     4 2.3E+00
    53      1  9.1E-03    235 (2.1E-15) 1.5E-02  6.8864137E+00     4 2.3E+00
    53      2             248 (2.1E-15) 3.9E-04  6.8864137E+00     4           r
    54      1  2.8E-01    250 (0.0E+00) 9.3E-05  6.8860449E+00     4         s
    55      1  1.0E+00    251 (0.0E+00) 1.1E-04  6.8859983E+00     4
    56      1  1.0E+00    252 (8.7E-09) 3.9E-05  6.8859495E+00     4
    57      1  1.0E+00    253 (5.4E-09) 2.9E-05  6.8859395E+00     4
    58      1  1.0E+00    254 (4.7E-09) 4.9E-06  6.8859342E+00     4
    59      1  1.0E+00    255 (3.4E-11) 1.2E-05  6.8859340E+00     4

 Major Minors     Step   nCon Feasible  Optimal  MeritFunction    nS Penalty
    60      1  1.0E+00    256 (2.3E-12) 3.3E-05  6.8859340E+00     4
    61      2  1.4E-04    266 (2.3E-12) 3.8E-03  6.8859340E+00     3
    62      7  4.6E-09    276 (2.3E-12) 3.2E-04  6.8859340E+00     4
    63      1  5.6E-08    286 (2.3E-12) 9.7E-04  6.8859340E+00     4
    64      2  3.6E-01    288 (1.6E-12) 4.7E-04  6.8859340E+00     4
    65      1  1.0E+00    289 (2.3E-12) 6.2E-04  6.8859340E+00     4
    66      2  2.8E-01    291 (1.9E-12) 6.3E-04  6.8859340E+00     4
    67      1  1.8E-01    293 (1.5E-12) 6.3E-04  6.8859340E+00     4
    68      1  1.1E-01    301 (1.3E-12) 6.3E-04  6.8859340E+00     4
    69      1  2.9E-02    311 (1.3E-12) 6.3E-04  6.8859340E+00     4

 Major Minors     Step   nCon Feasible  Optimal  MeritFunction    nS Penalty
    70      1  2.4E-02    321 (1.3E-12) 6.3E-04  6.8859340E+00     4
    71      1  1.4E-04    331 (1.3E-12) 6.1E-04  6.8859340E+00     4
    72      1  7.9E-03    341 (1.2E-12) 6.3E-04  6.8859340E+00     4
    73      1  2.7E-02    351 (1.2E-12) 6.3E-04  6.8859340E+00     4
    74      1  2.5E-02    361 (1.2E-12) 6.3E-04  6.8859340E+00     4
    75      1  2.2E-02    371 (1.1E-12) 6.3E-04  6.8859340E+00     4
    76      1  2.0E-02    381 (1.1E-12) 6.3E-04  6.8859340E+00     4
    77      1  1.6E-02    391 (1.1E-12) 6.3E-04  6.8859340E+00     4
    78      1  1.6E-02    401 (1.1E-12) 6.3E-04  6.8859340E+00     4
    79      1  1.4E-02    411 (1.0E-12) 6.3E-04  6.8859340E+00     4

 Major Minors     Step   nCon Feasible  Optimal  MeritFunction    nS Penalty
    80      1  1.3E-02    421 (1.0E-12) 6.3E-04  6.8859340E+00     4
    81      1  1.0E-02    431 (1.0E-12) 6.2E-04  6.8859340E+00     4
    82      1  1.1E-02    441 (1.0E-12) 6.3E-04  6.8859340E+00     4
    83      1  1.1E-02    451 (9.7E-13) 6.3E-04  6.8859340E+00     4
    84      1  1.0E-02    461 (9.6E-13) 6.3E-04  6.8859340E+00     4
    84      2             475 (9.6E-13) 1.6E-06  6.8859340E+00     4           r
    85      1  2.0E-05    485 (9.6E-13) 1.2E-03  6.8859340E+00     4         s
    86      1  5.9E-06    496 (9.6E-13) 6.3E-04  6.8859340E+00     4
 
 SNOPTC EXIT  40 -- terminated after numerical difficulties
 SNOPTC INFO  41 -- current point cannot be improved

 Problem name                 Optimiza
 No. of iterations                 120   Objective value      6.8859339814E+00
 No. of major iterations            86   Linear objective     0.0000000000E+00
 Penalty parameter           0.000E+00   Nonlinear objective  6.8859339814E+00
 No. of calls to funobj            510   No. of calls to funcon            510
 No. of superbasics                  4   No. of basic nonlinears             2
 No. of degenerate steps             0   Percentage                       0.00
 Max x                       6 1.6E+01   Max pi                     30 1.0E+01
 Max Primal infeas           0 0.0E+00   Max Dual infeas             4 7.0E-03
 Nonlinear constraint violn    1.4E-11
 
 

 Solution printed on file  18
 
 Time for MPS input                             0.00 seconds
 Time for solving problem                   20034.90 seconds
 Time for solution output                       0.00 seconds
 Time for constraint functions              20075.33 seconds
 Time for objective function                    0.00 seconds
